#
# A fatal error has been detected by the Java Runtime Environment:
#
#  EXCEPTION_ACCESS_VIOLATION (0xc0000005) at pc=0x00007ffc1f677ffc, pid=55120, tid=49968
#
# JRE version: Java(TM) SE Runtime Environment (15.0.1+9) (build 15.0.1+9-18)
# Java VM: Java HotSpot(TM) 64-Bit Server VM (15.0.1+9-18, mixed mode, sharing, tiered, compressed oops, g1 gc, windows-amd64)
# Problematic frame:
# V  [jvm.dll+0x6a7ffc]
#
# No core dump will be written. Minidumps are not enabled by default on client versions of Windows
#
# If you would like to submit a bug report, please visit:
#   https://bugreport.java.com/bugreport/crash.jsp
#

---------------  S U M M A R Y ------------

Command Line: -agentlib:jdwp=transport=dt_socket,address=127.0.0.1:59368,suspend=y,server=n -Dfile.encoding=UTF-8 MainMenu

Host: Intel(R) Core(TM) i3-9100 CPU @ 3.60GHz, 4 cores, 7G,  Windows 10 , 64 bit Build 19041 (10.0.19041.1023)
Time: Tue Jul 20 13:21:23 2021 GMT Summer Time elapsed time: 231.952545 seconds (0d 0h 3m 51s)

---------------  T H R E A D  ---------------

Current thread (0x0000020a7683ebd0):  JavaThread "JDWP Transport Listener: dt_socket" daemon [_thread_in_vm, id=49968, stack(0x0000009941f00000,0x0000009942000000)] _threads_hazard_ptr=0x0000020a76b21340

Stack: [0x0000009941f00000,0x0000009942000000],  sp=0x0000009941ffe770,  free space=1017k
Native frames: (J=compiled Java code, j=interpreted, Vv=VM code, C=native code)
V  [jvm.dll+0x6a7ffc]
V  [jvm.dll+0x30015f]
V  [jvm.dll+0x302275]
V  [jvm.dll+0x3028ee]
V  [jvm.dll+0x2fff9f]
V  [jvm.dll+0x2ff24a]
V  [jvm.dll+0x619c80]
V  [jvm.dll+0x619963]
V  [jvm.dll+0x5df038]
V  [jvm.dll+0x7783ef]
V  [jvm.dll+0x4f04b1]
V  [jvm.dll+0x787e95]
V  [jvm.dll+0x4d430a]
V  [jvm.dll+0x49548b]
C  [jdwp.dll+0x7f79]


siginfo: EXCEPTION_ACCESS_VIOLATION (0xc0000005), reading address 0x0000000000000004


Register to memory mapping:

RIP=0x00007ffc1f677ffc jvm.dll
RAX=0x0 is NULL
RBX=0x0 is NULL
RCX=0x0000009941ffe790 is pointing into the stack for thread: 0x0000020a7683ebd0
RDX=0x0 is NULL
RSP=0x0000009941ffe770 is pointing into the stack for thread: 0x0000020a7683ebd0
RBP=0x0000009941ffe8d0 is pointing into the stack for thread: 0x0000020a7683ebd0
RSI=0x0 is NULL
RDI=0x0000009941ffeee0 is pointing into the stack for thread: 0x0000020a7683ebd0
R8 =0x0 is NULL
R9 =0x0000020a762727b8 is pointing into metadata
R10=0x0 is NULL
R11=0x0000000047000000 is an unknown value
R12=0x00007ffc1efd0000 jvm.dll
R13=0x0000020a77422b60 points into unknown readable memory: 0x0000005b00000000 | 00 00 00 00 5b 00 00 00
R14=0x0000009941ffe800 is pointing into the stack for thread: 0x0000020a7683ebd0
R15=0x0000000000000084 is an unknown value


Registers:
RAX=0x0000000000000000, RBX=0x0000000000000000, RCX=0x0000009941ffe790, RDX=0x0000000000000000
RSP=0x0000009941ffe770, RBP=0x0000009941ffe8d0, RSI=0x0000000000000000, RDI=0x0000009941ffeee0
R8 =0x0000000000000000, R9 =0x0000020a762727b8, R10=0x0000000000000000, R11=0x0000000047000000
R12=0x00007ffc1efd0000, R13=0x0000020a77422b60, R14=0x0000009941ffe800, R15=0x0000000000000084
RIP=0x00007ffc1f677ffc, EFLAGS=0x0000000000010246

Top of Stack: (sp=0x0000009941ffe770)
0x0000009941ffe770:   0000000000000000 0000000000000000
0x0000009941ffe780:   0000009941ffeee0 00007ffc1f677f30
0x0000009941ffe790:   0000000000000000 00007ffc1f1de8fe
0x0000009941ffe7a0:   0000000000000001 0000000000000000
0x0000009941ffe7b0:   00000008004000a0 0000000000000000
0x0000009941ffe7c0:   0000020a7636c0d7 00007ffc1f2d015f
0x0000009941ffe7d0:   0000000000000000 0000000000000000
0x0000009941ffe7e0:   0000009941ffef30 00007ffc1f6773e2
0x0000009941ffe7f0:   0000000000000001 0000000000000000
0x0000009941ffe800:   0000000000000000 0000000000000063
0x0000009941ffe810:   0000000000000000 0000009941ffe858
0x0000009941ffe820:   0000000000000000 00000008004062d0
0x0000009941ffe830:   0000001400000002 0000000000000014
0x0000009941ffe840:   000000030000000c 00000008004000a0
0x0000009941ffe850:   0000000000000000 0000000046000051
0x0000009941ffe860:   0000000000000000 0000009941ffe8c0 

Instructions: (pc=0x00007ffc1f677ffc)
0x00007ffc1f677efc:   47 1c 03 00 00 00 44 89 47 0c 44 89 47 08 44 3b
0x00007ffc1f677f0c:   c3 7c 17 c7 47 1c ff ff ff ff 48 8b 5c 24 30 48
0x00007ffc1f677f1c:   8b 74 24 38 48 83 c4 20 5f c3 0f be 4c 30 07 e8
0x00007ffc1f677f2c:   e0 fb ff ff 48 83 c6 06 89 47 18 83 e8 0c 74 50
0x00007ffc1f677f3c:   83 f8 01 75 34 49 63 c0 48 3b c3 7d 18 0f 1f 80
0x00007ffc1f677f4c:   00 00 00 00 80 3c 30 5b 75 0b 41 ff c0 48 ff c0
0x00007ffc1f677f5c:   48 3b c3 7c ef 49 63 c8 41 8b c0 2b 47 0c 48 03
0x00007ffc1f677f6c:   ce 89 47 14 80 39 4c 74 1d 41 8d 58 01 89 5f 0c
0x00007ffc1f677f7c:   48 8b 5c 24 30 48 8b 74 24 38 48 83 c4 20 5f c3
0x00007ffc1f677f8c:   49 63 c8 48 03 ce 8b c3 ba 3b 00 00 00 41 2b c0
0x00007ffc1f677f9c:   4c 63 c0 e8 bc 19 13 00 48 85 c0 74 06 8b d8 2b
0x00007ffc1f677fac:   de ff c3 48 8b 74 24 38 89 5f 0c 48 8b 5c 24 30
0x00007ffc1f677fbc:   48 83 c4 20 5f c3 cc cc cc cc cc cc cc cc cc cc
0x00007ffc1f677fcc:   cc cc cc cc 41 56 48 83 ec 50 83 79 08 63 4c 8b
0x00007ffc1f677fdc:   f1 0f 85 d3 00 00 00 48 8b 01 48 8d 4c 24 20 48
0x00007ffc1f677fec:   89 44 24 20 48 89 5c 24 60 33 db 48 89 74 24 68
0x00007ffc1f677ffc:   0f b7 40 04 89 44 24 30 48 8b 05 1d 02 42 00 48
0x00007ffc1f67800c:   89 44 24 40 c7 44 24 3c 01 00 00 00 c7 44 24 2c
0x00007ffc1f67801c:   01 00 00 00 c7 44 24 28 01 00 00 00 89 5c 24 34
0x00007ffc1f67802c:   48 89 5c 24 48 e8 7a fe ff ff 48 8d 4c 24 20 e8
0x00007ffc1f67803c:   b0 00 00 00 8b 44 24 38 48 8b 4c 24 40 41 89 46
0x00007ffc1f67804c:   08 e8 fe e8 04 00 48 8b 74 24 48 48 85 f6 74 45
0x00007ffc1f67805c:   39 1e 7e 41 48 89 7c 24 70 8b fb 66 0f 1f 84 00
0x00007ffc1f67806c:   00 00 00 00 48 8b 4e 18 48 8b 0c 39 e8 d3 e8 04
0x00007ffc1f67807c:   00 ff c3 48 8d 7f 08 3b 1e 7c e9 41 8b 46 08 48
0x00007ffc1f67808c:   8b 7c 24 70 48 8b 5c 24 60 48 8b 74 24 68 48 83
0x00007ffc1f67809c:   c4 50 41 5e c3 41 8b 46 08 48 8b 5c 24 60 48 8b
0x00007ffc1f6780ac:   74 24 68 48 83 c4 50 41 5e c3 8b 41 08 48 83 c4
0x00007ffc1f6780bc:   50 41 5e c3 48 8d 42 ff 48 83 f8 fd 77 14 48 3b
0x00007ffc1f6780cc:   51 10 74 19 48 89 51 10 48 d1 ea 83 e2 0f 89 51
0x00007ffc1f6780dc:   08 c3 48 89 51 10 c7 41 08 63 00 00 00 c3 cc cc
0x00007ffc1f6780ec:   cc cc cc cc 40 53 48 83 ec 20 8b 41 1c 48 8b d9 


Stack slot to memory mapping:
stack at sp + 0 slots: 0x0 is NULL
stack at sp + 1 slots: 0x0 is NULL
stack at sp + 2 slots: 0x0000009941ffeee0 is pointing into the stack for thread: 0x0000020a7683ebd0
stack at sp + 3 slots: 0x00007ffc1f677f30 jvm.dll
stack at sp + 4 slots: 0x0 is NULL
stack at sp + 5 slots: 0x00007ffc1f1de8fe jvm.dll
stack at sp + 6 slots: 0x0000000000000001 is an unknown value
stack at sp + 7 slots: 0x0 is NULL


---------------  P R O C E S S  ---------------

Threads class SMR info:
_java_thread_list=0x0000020a76b21340, length=18, elements={
0x0000020a57c50fd0, 0x0000020a75dea2a0, 0x0000020a75deb520, 0x0000020a75dfea70,
0x0000020a75e03350, 0x0000020a75e04d20, 0x0000020a75e05a10, 0x0000020a75e6e670,
0x0000020a76789c70, 0x0000020a7683ebd0, 0x0000020a7683b630, 0x0000020a7684aa20,
0x0000020a7685b7d0, 0x0000020a7686cea0, 0x0000020a76aefaa0, 0x0000020a76af4c00,
0x0000020a76af81c0, 0x0000020a77219980
}

Java Threads: ( => current thread )
  0x0000020a57c50fd0 JavaThread "main" [_thread_blocked, id=55892, stack(0x0000009941000000,0x0000009941100000)]
  0x0000020a75dea2a0 JavaThread "Reference Handler" daemon [_thread_blocked, id=49912, stack(0x0000009941700000,0x0000009941800000)]
  0x0000020a75deb520 JavaThread "Finalizer" daemon [_thread_blocked, id=51172, stack(0x0000009941800000,0x0000009941900000)]
  0x0000020a75dfea70 JavaThread "Signal Dispatcher" daemon [_thread_blocked, id=56916, stack(0x0000009941900000,0x0000009941a00000)]
  0x0000020a75e03350 JavaThread "Attach Listener" daemon [_thread_blocked, id=56288, stack(0x0000009941a00000,0x0000009941b00000)]
  0x0000020a75e04d20 JavaThread "Service Thread" daemon [_thread_blocked, id=52512, stack(0x0000009941b00000,0x0000009941c00000)]
  0x0000020a75e05a10 JavaThread "C2 CompilerThread0" daemon [_thread_blocked, id=51932, stack(0x0000009941c00000,0x0000009941d00000)]
  0x0000020a75e6e670 JavaThread "C1 CompilerThread0" daemon [_thread_blocked, id=51112, stack(0x0000009941d00000,0x0000009941e00000)]
  0x0000020a76789c70 JavaThread "Sweeper thread" daemon [_thread_blocked, id=51756, stack(0x0000009941e00000,0x0000009941f00000)]
=>0x0000020a7683ebd0 JavaThread "JDWP Transport Listener: dt_socket" daemon [_thread_in_vm, id=49968, stack(0x0000009941f00000,0x0000009942000000)]
  0x0000020a7683b630 JavaThread "JDWP Event Helper Thread" daemon [_thread_blocked, id=53492, stack(0x0000009942000000,0x0000009942100000)]
  0x0000020a7684aa20 JavaThread "JDWP Command Reader" daemon [_thread_in_native, id=49704, stack(0x0000009942100000,0x0000009942200000)]
  0x0000020a7685b7d0 JavaThread "Notification Thread" daemon [_thread_blocked, id=52300, stack(0x0000009942200000,0x0000009942300000)]
  0x0000020a7686cea0 JavaThread "Common-Cleaner" daemon [_thread_blocked, id=54688, stack(0x0000009942400000,0x0000009942500000)]
  0x0000020a76aefaa0 JavaThread "Java2D Disposer" daemon [_thread_blocked, id=53744, stack(0x0000009942600000,0x0000009942700000)]
  0x0000020a76af4c00 JavaThread "AWT-Shutdown" [_thread_blocked, id=50700, stack(0x0000009942700000,0x0000009942800000)]
  0x0000020a76af81c0 JavaThread "AWT-Windows" daemon [_thread_in_native, id=50432, stack(0x0000009942800000,0x0000009942900000)]
  0x0000020a77219980 JavaThread "AWT-EventQueue-0" [_thread_blocked, id=56460, stack(0x0000009942900000,0x0000009942a00000)]

Other Threads:
  0x0000020a75de4f50 VMThread "VM Thread" [stack: 0x0000009941600000,0x0000009941700000] [id=50712]
  0x0000020a76860b80 WatcherThread [stack: 0x0000009942300000,0x0000009942400000] [id=57192]
  0x0000020a57c90690 GCTaskThread "GC Thread#0" [stack: 0x0000009941100000,0x0000009941200000] [id=53188]
  0x0000020a57ca1270 ConcurrentGCThread "G1 Main Marker" [stack: 0x0000009941200000,0x0000009941300000] [id=55552]
  0x0000020a57ca1d70 ConcurrentGCThread "G1 Conc#0" [stack: 0x0000009941300000,0x0000009941400000] [id=55992]
  0x0000020a57d198b0 ConcurrentGCThread "G1 Refine#0" [stack: 0x0000009941400000,0x0000009941500000] [id=51384]
  0x0000020a57d1a3c0 ConcurrentGCThread "G1 Young RemSet Sampling" [stack: 0x0000009941500000,0x0000009941600000] [id=50780]

Threads with active compile tasks:

VM state: not at safepoint (normal execution)

VM Mutex/Monitor currently owned by a thread: None

Heap address: 0x0000000082400000, size: 2012 MB, Compressed Oops mode: 32-bit
CDS archive(s) mapped at: [0x0000000800000000-0x0000000800b50000-0x0000000800b50000), size 11862016, SharedBaseAddress: 0x0000000800000000, ArchiveRelocationMode: 0.
Compressed class space mapped at: 0x0000000800b50000-0x0000000840b50000, size: 1073741824
Narrow klass base: 0x0000000800000000, Narrow klass shift: 3, Narrow klass range: 0x100000000

GC Precious Log:
 CPUs: 4 total, 4 available
 Memory: 8045M
 Large Page Support: Disabled
 NUMA Support: Disabled
 Compressed Oops: Enabled (32-bit)
 Heap Region Size: 1M
 Heap Min Capacity: 8M
 Heap Initial Capacity: 126M
 Heap Max Capacity: 2012M
 Pre-touch: Disabled
 Parallel Workers: 4
 Concurrent Workers: 1
 Concurrent Refinement Workers: 4
 Periodic GC: Disabled

Heap:
 garbage-first heap   total 129024K, used 6144K [0x0000000082400000, 0x0000000100000000)
  region size 1024K, 6 young (6144K), 0 survivors (0K)
 Metaspace       used 8052K, capacity 8196K, committed 8448K, reserved 1056768K
  class space    used 896K, capacity 932K, committed 1024K, reserved 1048576K

Heap Regions: E=young(eden), S=young(survivor), O=old, HS=humongous(starts), HC=humongous(continues), CS=collection set, F=free, OA=open archive, CA=closed archive, TAMS=top-at-mark-start (previous, next)
|   0|0x0000000082400000, 0x0000000082500000, 0x0000000082500000|100%|HS|  |TAMS 0x0000000082400000, 0x0000000082400000| Complete 
|   1|0x0000000082500000, 0x0000000082500000, 0x0000000082600000|  0%| F|  |TAMS 0x0000000082500000, 0x0000000082500000| Untracked 
|   2|0x0000000082600000, 0x0000000082600000, 0x0000000082700000|  0%| F|  |TAMS 0x0000000082600000, 0x0000000082600000| Untracked 
|   3|0x0000000082700000, 0x0000000082700000, 0x0000000082800000|  0%| F|  |TAMS 0x0000000082700000, 0x0000000082700000| Untracked 
|   4|0x0000000082800000, 0x0000000082800000, 0x0000000082900000|  0%| F|  |TAMS 0x0000000082800000, 0x0000000082800000| Untracked 
|   5|0x0000000082900000, 0x0000000082900000, 0x0000000082a00000|  0%| F|  |TAMS 0x0000000082900000, 0x0000000082900000| Untracked 
|   6|0x0000000082a00000, 0x0000000082a00000, 0x0000000082b00000|  0%| F|  |TAMS 0x0000000082a00000, 0x0000000082a00000| Untracked 
|   7|0x0000000082b00000, 0x0000000082b00000, 0x0000000082c00000|  0%| F|  |TAMS 0x0000000082b00000, 0x0000000082b00000| Untracked 
|   8|0x0000000082c00000, 0x0000000082c00000, 0x0000000082d00000|  0%| F|  |TAMS 0x0000000082c00000, 0x0000000082c00000| Untracked 
|   9|0x0000000082d00000, 0x0000000082d00000, 0x0000000082e00000|  0%| F|  |TAMS 0x0000000082d00000, 0x0000000082d00000| Untracked 
|  10|0x0000000082e00000, 0x0000000082e00000, 0x0000000082f00000|  0%| F|  |TAMS 0x0000000082e00000, 0x0000000082e00000| Untracked 
|  11|0x0000000082f00000, 0x0000000082f00000, 0x0000000083000000|  0%| F|  |TAMS 0x0000000082f00000, 0x0000000082f00000| Untracked 
|  12|0x0000000083000000, 0x0000000083000000, 0x0000000083100000|  0%| F|  |TAMS 0x0000000083000000, 0x0000000083000000| Untracked 
|  13|0x0000000083100000, 0x0000000083100000, 0x0000000083200000|  0%| F|  |TAMS 0x0000000083100000, 0x0000000083100000| Untracked 
|  14|0x0000000083200000, 0x0000000083200000, 0x0000000083300000|  0%| F|  |TAMS 0x0000000083200000, 0x0000000083200000| Untracked 
|  15|0x0000000083300000, 0x0000000083300000, 0x0000000083400000|  0%| F|  |TAMS 0x0000000083300000, 0x0000000083300000| Untracked 
|  16|0x0000000083400000, 0x0000000083400000, 0x0000000083500000|  0%| F|  |TAMS 0x0000000083400000, 0x0000000083400000| Untracked 
|  17|0x0000000083500000, 0x0000000083500000, 0x0000000083600000|  0%| F|  |TAMS 0x0000000083500000, 0x0000000083500000| Untracked 
|  18|0x0000000083600000, 0x0000000083600000, 0x0000000083700000|  0%| F|  |TAMS 0x0000000083600000, 0x0000000083600000| Untracked 
|  19|0x0000000083700000, 0x0000000083700000, 0x0000000083800000|  0%| F|  |TAMS 0x0000000083700000, 0x0000000083700000| Untracked 
|  20|0x0000000083800000, 0x0000000083800000, 0x0000000083900000|  0%| F|  |TAMS 0x0000000083800000, 0x0000000083800000| Untracked 
|  21|0x0000000083900000, 0x0000000083900000, 0x0000000083a00000|  0%| F|  |TAMS 0x0000000083900000, 0x0000000083900000| Untracked 
|  22|0x0000000083a00000, 0x0000000083a00000, 0x0000000083b00000|  0%| F|  |TAMS 0x0000000083a00000, 0x0000000083a00000| Untracked 
|  23|0x0000000083b00000, 0x0000000083b00000, 0x0000000083c00000|  0%| F|  |TAMS 0x0000000083b00000, 0x0000000083b00000| Untracked 
|  24|0x0000000083c00000, 0x0000000083c00000, 0x0000000083d00000|  0%| F|  |TAMS 0x0000000083c00000, 0x0000000083c00000| Untracked 
|  25|0x0000000083d00000, 0x0000000083d00000, 0x0000000083e00000|  0%| F|  |TAMS 0x0000000083d00000, 0x0000000083d00000| Untracked 
|  26|0x0000000083e00000, 0x0000000083e00000, 0x0000000083f00000|  0%| F|  |TAMS 0x0000000083e00000, 0x0000000083e00000| Untracked 
|  27|0x0000000083f00000, 0x0000000083f00000, 0x0000000084000000|  0%| F|  |TAMS 0x0000000083f00000, 0x0000000083f00000| Untracked 
|  28|0x0000000084000000, 0x0000000084000000, 0x0000000084100000|  0%| F|  |TAMS 0x0000000084000000, 0x0000000084000000| Untracked 
|  29|0x0000000084100000, 0x0000000084100000, 0x0000000084200000|  0%| F|  |TAMS 0x0000000084100000, 0x0000000084100000| Untracked 
|  30|0x0000000084200000, 0x0000000084200000, 0x0000000084300000|  0%| F|  |TAMS 0x0000000084200000, 0x0000000084200000| Untracked 
|  31|0x0000000084300000, 0x0000000084300000, 0x0000000084400000|  0%| F|  |TAMS 0x0000000084300000, 0x0000000084300000| Untracked 
|  32|0x0000000084400000, 0x0000000084400000, 0x0000000084500000|  0%| F|  |TAMS 0x0000000084400000, 0x0000000084400000| Untracked 
|  33|0x0000000084500000, 0x0000000084500000, 0x0000000084600000|  0%| F|  |TAMS 0x0000000084500000, 0x0000000084500000| Untracked 
|  34|0x0000000084600000, 0x0000000084600000, 0x0000000084700000|  0%| F|  |TAMS 0x0000000084600000, 0x0000000084600000| Untracked 
|  35|0x0000000084700000, 0x0000000084700000, 0x0000000084800000|  0%| F|  |TAMS 0x0000000084700000, 0x0000000084700000| Untracked 
|  36|0x0000000084800000, 0x0000000084800000, 0x0000000084900000|  0%| F|  |TAMS 0x0000000084800000, 0x0000000084800000| Untracked 
|  37|0x0000000084900000, 0x0000000084900000, 0x0000000084a00000|  0%| F|  |TAMS 0x0000000084900000, 0x0000000084900000| Untracked 
|  38|0x0000000084a00000, 0x0000000084a00000, 0x0000000084b00000|  0%| F|  |TAMS 0x0000000084a00000, 0x0000000084a00000| Untracked 
|  39|0x0000000084b00000, 0x0000000084b00000, 0x0000000084c00000|  0%| F|  |TAMS 0x0000000084b00000, 0x0000000084b00000| Untracked 
|  40|0x0000000084c00000, 0x0000000084c00000, 0x0000000084d00000|  0%| F|  |TAMS 0x0000000084c00000, 0x0000000084c00000| Untracked 
|  41|0x0000000084d00000, 0x0000000084d00000, 0x0000000084e00000|  0%| F|  |TAMS 0x0000000084d00000, 0x0000000084d00000| Untracked 
|  42|0x0000000084e00000, 0x0000000084e00000, 0x0000000084f00000|  0%| F|  |TAMS 0x0000000084e00000, 0x0000000084e00000| Untracked 
|  43|0x0000000084f00000, 0x0000000084f00000, 0x0000000085000000|  0%| F|  |TAMS 0x0000000084f00000, 0x0000000084f00000| Untracked 
|  44|0x0000000085000000, 0x0000000085000000, 0x0000000085100000|  0%| F|  |TAMS 0x0000000085000000, 0x0000000085000000| Untracked 
|  45|0x0000000085100000, 0x0000000085100000, 0x0000000085200000|  0%| F|  |TAMS 0x0000000085100000, 0x0000000085100000| Untracked 
|  46|0x0000000085200000, 0x0000000085200000, 0x0000000085300000|  0%| F|  |TAMS 0x0000000085200000, 0x0000000085200000| Untracked 
|  47|0x0000000085300000, 0x0000000085300000, 0x0000000085400000|  0%| F|  |TAMS 0x0000000085300000, 0x0000000085300000| Untracked 
|  48|0x0000000085400000, 0x0000000085400000, 0x0000000085500000|  0%| F|  |TAMS 0x0000000085400000, 0x0000000085400000| Untracked 
|  49|0x0000000085500000, 0x0000000085500000, 0x0000000085600000|  0%| F|  |TAMS 0x0000000085500000, 0x0000000085500000| Untracked 
|  50|0x0000000085600000, 0x0000000085600000, 0x0000000085700000|  0%| F|  |TAMS 0x0000000085600000, 0x0000000085600000| Untracked 
|  51|0x0000000085700000, 0x0000000085700000, 0x0000000085800000|  0%| F|  |TAMS 0x0000000085700000, 0x0000000085700000| Untracked 
|  52|0x0000000085800000, 0x0000000085800000, 0x0000000085900000|  0%| F|  |TAMS 0x0000000085800000, 0x0000000085800000| Untracked 
|  53|0x0000000085900000, 0x0000000085900000, 0x0000000085a00000|  0%| F|  |TAMS 0x0000000085900000, 0x0000000085900000| Untracked 
|  54|0x0000000085a00000, 0x0000000085a00000, 0x0000000085b00000|  0%| F|  |TAMS 0x0000000085a00000, 0x0000000085a00000| Untracked 
|  55|0x0000000085b00000, 0x0000000085b00000, 0x0000000085c00000|  0%| F|  |TAMS 0x0000000085b00000, 0x0000000085b00000| Untracked 
|  56|0x0000000085c00000, 0x0000000085c00000, 0x0000000085d00000|  0%| F|  |TAMS 0x0000000085c00000, 0x0000000085c00000| Untracked 
|  57|0x0000000085d00000, 0x0000000085d00000, 0x0000000085e00000|  0%| F|  |TAMS 0x0000000085d00000, 0x0000000085d00000| Untracked 
|  58|0x0000000085e00000, 0x0000000085e00000, 0x0000000085f00000|  0%| F|  |TAMS 0x0000000085e00000, 0x0000000085e00000| Untracked 
|  59|0x0000000085f00000, 0x0000000085f00000, 0x0000000086000000|  0%| F|  |TAMS 0x0000000085f00000, 0x0000000085f00000| Untracked 
|  60|0x0000000086000000, 0x0000000086000000, 0x0000000086100000|  0%| F|  |TAMS 0x0000000086000000, 0x0000000086000000| Untracked 
|  61|0x0000000086100000, 0x0000000086100000, 0x0000000086200000|  0%| F|  |TAMS 0x0000000086100000, 0x0000000086100000| Untracked 
|  62|0x0000000086200000, 0x0000000086200000, 0x0000000086300000|  0%| F|  |TAMS 0x0000000086200000, 0x0000000086200000| Untracked 
|  63|0x0000000086300000, 0x0000000086300000, 0x0000000086400000|  0%| F|  |TAMS 0x0000000086300000, 0x0000000086300000| Untracked 
|  64|0x0000000086400000, 0x0000000086400000, 0x0000000086500000|  0%| F|  |TAMS 0x0000000086400000, 0x0000000086400000| Untracked 
|  65|0x0000000086500000, 0x0000000086500000, 0x0000000086600000|  0%| F|  |TAMS 0x0000000086500000, 0x0000000086500000| Untracked 
|  66|0x0000000086600000, 0x0000000086600000, 0x0000000086700000|  0%| F|  |TAMS 0x0000000086600000, 0x0000000086600000| Untracked 
|  67|0x0000000086700000, 0x0000000086700000, 0x0000000086800000|  0%| F|  |TAMS 0x0000000086700000, 0x0000000086700000| Untracked 
|  68|0x0000000086800000, 0x0000000086800000, 0x0000000086900000|  0%| F|  |TAMS 0x0000000086800000, 0x0000000086800000| Untracked 
|  69|0x0000000086900000, 0x0000000086900000, 0x0000000086a00000|  0%| F|  |TAMS 0x0000000086900000, 0x0000000086900000| Untracked 
|  70|0x0000000086a00000, 0x0000000086a00000, 0x0000000086b00000|  0%| F|  |TAMS 0x0000000086a00000, 0x0000000086a00000| Untracked 
|  71|0x0000000086b00000, 0x0000000086b00000, 0x0000000086c00000|  0%| F|  |TAMS 0x0000000086b00000, 0x0000000086b00000| Untracked 
|  72|0x0000000086c00000, 0x0000000086c00000, 0x0000000086d00000|  0%| F|  |TAMS 0x0000000086c00000, 0x0000000086c00000| Untracked 
|  73|0x0000000086d00000, 0x0000000086d00000, 0x0000000086e00000|  0%| F|  |TAMS 0x0000000086d00000, 0x0000000086d00000| Untracked 
|  74|0x0000000086e00000, 0x0000000086e00000, 0x0000000086f00000|  0%| F|  |TAMS 0x0000000086e00000, 0x0000000086e00000| Untracked 
|  75|0x0000000086f00000, 0x0000000086f00000, 0x0000000087000000|  0%| F|  |TAMS 0x0000000086f00000, 0x0000000086f00000| Untracked 
|  76|0x0000000087000000, 0x0000000087000000, 0x0000000087100000|  0%| F|  |TAMS 0x0000000087000000, 0x0000000087000000| Untracked 
|  77|0x0000000087100000, 0x0000000087100000, 0x0000000087200000|  0%| F|  |TAMS 0x0000000087100000, 0x0000000087100000| Untracked 
|  78|0x0000000087200000, 0x0000000087200000, 0x0000000087300000|  0%| F|  |TAMS 0x0000000087200000, 0x0000000087200000| Untracked 
|  79|0x0000000087300000, 0x0000000087300000, 0x0000000087400000|  0%| F|  |TAMS 0x0000000087300000, 0x0000000087300000| Untracked 
|  80|0x0000000087400000, 0x0000000087400000, 0x0000000087500000|  0%| F|  |TAMS 0x0000000087400000, 0x0000000087400000| Untracked 
|  81|0x0000000087500000, 0x0000000087500000, 0x0000000087600000|  0%| F|  |TAMS 0x0000000087500000, 0x0000000087500000| Untracked 
|  82|0x0000000087600000, 0x0000000087600000, 0x0000000087700000|  0%| F|  |TAMS 0x0000000087600000, 0x0000000087600000| Untracked 
|  83|0x0000000087700000, 0x0000000087700000, 0x0000000087800000|  0%| F|  |TAMS 0x0000000087700000, 0x0000000087700000| Untracked 
|  84|0x0000000087800000, 0x0000000087800000, 0x0000000087900000|  0%| F|  |TAMS 0x0000000087800000, 0x0000000087800000| Untracked 
|  85|0x0000000087900000, 0x0000000087900000, 0x0000000087a00000|  0%| F|  |TAMS 0x0000000087900000, 0x0000000087900000| Untracked 
|  86|0x0000000087a00000, 0x0000000087a00000, 0x0000000087b00000|  0%| F|  |TAMS 0x0000000087a00000, 0x0000000087a00000| Untracked 
|  87|0x0000000087b00000, 0x0000000087b00000, 0x0000000087c00000|  0%| F|  |TAMS 0x0000000087b00000, 0x0000000087b00000| Untracked 
|  88|0x0000000087c00000, 0x0000000087c00000, 0x0000000087d00000|  0%| F|  |TAMS 0x0000000087c00000, 0x0000000087c00000| Untracked 
|  89|0x0000000087d00000, 0x0000000087d00000, 0x0000000087e00000|  0%| F|  |TAMS 0x0000000087d00000, 0x0000000087d00000| Untracked 
|  90|0x0000000087e00000, 0x0000000087e00000, 0x0000000087f00000|  0%| F|  |TAMS 0x0000000087e00000, 0x0000000087e00000| Untracked 
|  91|0x0000000087f00000, 0x0000000087f00000, 0x0000000088000000|  0%| F|  |TAMS 0x0000000087f00000, 0x0000000087f00000| Untracked 
|  92|0x0000000088000000, 0x0000000088000000, 0x0000000088100000|  0%| F|  |TAMS 0x0000000088000000, 0x0000000088000000| Untracked 
|  93|0x0000000088100000, 0x0000000088100000, 0x0000000088200000|  0%| F|  |TAMS 0x0000000088100000, 0x0000000088100000| Untracked 
|  94|0x0000000088200000, 0x0000000088200000, 0x0000000088300000|  0%| F|  |TAMS 0x0000000088200000, 0x0000000088200000| Untracked 
|  95|0x0000000088300000, 0x0000000088300000, 0x0000000088400000|  0%| F|  |TAMS 0x0000000088300000, 0x0000000088300000| Untracked 
|  96|0x0000000088400000, 0x0000000088400000, 0x0000000088500000|  0%| F|  |TAMS 0x0000000088400000, 0x0000000088400000| Untracked 
|  97|0x0000000088500000, 0x0000000088500000, 0x0000000088600000|  0%| F|  |TAMS 0x0000000088500000, 0x0000000088500000| Untracked 
|  98|0x0000000088600000, 0x0000000088600000, 0x0000000088700000|  0%| F|  |TAMS 0x0000000088600000, 0x0000000088600000| Untracked 
|  99|0x0000000088700000, 0x0000000088700000, 0x0000000088800000|  0%| F|  |TAMS 0x0000000088700000, 0x0000000088700000| Untracked 
| 100|0x0000000088800000, 0x0000000088800000, 0x0000000088900000|  0%| F|  |TAMS 0x0000000088800000, 0x0000000088800000| Untracked 
| 101|0x0000000088900000, 0x0000000088900000, 0x0000000088a00000|  0%| F|  |TAMS 0x0000000088900000, 0x0000000088900000| Untracked 
| 102|0x0000000088a00000, 0x0000000088a00000, 0x0000000088b00000|  0%| F|  |TAMS 0x0000000088a00000, 0x0000000088a00000| Untracked 
| 103|0x0000000088b00000, 0x0000000088b00000, 0x0000000088c00000|  0%| F|  |TAMS 0x0000000088b00000, 0x0000000088b00000| Untracked 
| 104|0x0000000088c00000, 0x0000000088c00000, 0x0000000088d00000|  0%| F|  |TAMS 0x0000000088c00000, 0x0000000088c00000| Untracked 
| 105|0x0000000088d00000, 0x0000000088d00000, 0x0000000088e00000|  0%| F|  |TAMS 0x0000000088d00000, 0x0000000088d00000| Untracked 
| 106|0x0000000088e00000, 0x0000000088e00000, 0x0000000088f00000|  0%| F|  |TAMS 0x0000000088e00000, 0x0000000088e00000| Untracked 
| 107|0x0000000088f00000, 0x0000000088f00000, 0x0000000089000000|  0%| F|  |TAMS 0x0000000088f00000, 0x0000000088f00000| Untracked 
| 108|0x0000000089000000, 0x0000000089000000, 0x0000000089100000|  0%| F|  |TAMS 0x0000000089000000, 0x0000000089000000| Untracked 
| 109|0x0000000089100000, 0x0000000089100000, 0x0000000089200000|  0%| F|  |TAMS 0x0000000089100000, 0x0000000089100000| Untracked 
| 110|0x0000000089200000, 0x0000000089200000, 0x0000000089300000|  0%| F|  |TAMS 0x0000000089200000, 0x0000000089200000| Untracked 
| 111|0x0000000089300000, 0x0000000089300000, 0x0000000089400000|  0%| F|  |TAMS 0x0000000089300000, 0x0000000089300000| Untracked 
| 112|0x0000000089400000, 0x0000000089400000, 0x0000000089500000|  0%| F|  |TAMS 0x0000000089400000, 0x0000000089400000| Untracked 
| 113|0x0000000089500000, 0x0000000089500000, 0x0000000089600000|  0%| F|  |TAMS 0x0000000089500000, 0x0000000089500000| Untracked 
| 114|0x0000000089600000, 0x0000000089600000, 0x0000000089700000|  0%| F|  |TAMS 0x0000000089600000, 0x0000000089600000| Untracked 
| 115|0x0000000089700000, 0x0000000089700000, 0x0000000089800000|  0%| F|  |TAMS 0x0000000089700000, 0x0000000089700000| Untracked 
| 116|0x0000000089800000, 0x0000000089800000, 0x0000000089900000|  0%| F|  |TAMS 0x0000000089800000, 0x0000000089800000| Untracked 
| 117|0x0000000089900000, 0x0000000089900000, 0x0000000089a00000|  0%| F|  |TAMS 0x0000000089900000, 0x0000000089900000| Untracked 
| 118|0x0000000089a00000, 0x0000000089a00000, 0x0000000089b00000|  0%| F|  |TAMS 0x0000000089a00000, 0x0000000089a00000| Untracked 
| 119|0x0000000089b00000, 0x0000000089b00000, 0x0000000089c00000|  0%| F|  |TAMS 0x0000000089b00000, 0x0000000089b00000| Untracked 
| 120|0x0000000089c00000, 0x0000000089c86208, 0x0000000089d00000| 52%| E|  |TAMS 0x0000000089c00000, 0x0000000089c00000| Complete 
| 121|0x0000000089d00000, 0x0000000089e00000, 0x0000000089e00000|100%| E|CS|TAMS 0x0000000089d00000, 0x0000000089d00000| Complete 
| 122|0x0000000089e00000, 0x0000000089f00000, 0x0000000089f00000|100%| E|CS|TAMS 0x0000000089e00000, 0x0000000089e00000| Complete 
| 123|0x0000000089f00000, 0x000000008a000000, 0x000000008a000000|100%| E|CS|TAMS 0x0000000089f00000, 0x0000000089f00000| Complete 
| 124|0x000000008a000000, 0x000000008a100000, 0x000000008a100000|100%| E|CS|TAMS 0x000000008a000000, 0x000000008a000000| Complete 
| 125|0x000000008a100000, 0x000000008a200000, 0x000000008a200000|100%| E|CS|TAMS 0x000000008a100000, 0x000000008a100000| Complete 

Card table byte_map: [0x0000020a6f280000,0x0000020a6f670000] _byte_map_base: 0x0000020a6ee6e000

Marking Bits (Prev, Next): (CMBitMap*) 0x0000020a57c90d90, (CMBitMap*) 0x0000020a57c90dd0
 Prev Bits: [0x0000020a6fa60000, 0x0000020a719d0000)
 Next Bits: [0x0000020a719d0000, 0x0000020a73940000)

Polling page: 0x0000020a57430000

Metaspace:

Usage:
  Non-class:      7.09 MB capacity,     6.99 MB ( 99%) used,    97.04 KB (  1%) free+waste,    10.94 KB ( <1%) overhead. 
      Class:    932.00 KB capacity,   896.41 KB ( 96%) used,    30.84 KB (  3%) free+waste,     4.75 KB ( <1%) overhead. 
       Both:      8.00 MB capacity,     7.86 MB ( 98%) used,   127.88 KB (  2%) free+waste,    15.69 KB ( <1%) overhead. 

Virtual space:
  Non-class space:        8.00 MB reserved,       7.25 MB ( 91%) committed 
      Class space:        1.00 GB reserved,       1.00 MB ( <1%) committed 
             Both:        1.01 GB reserved,       8.25 MB ( <1%) committed 

Chunk freelists:
   Non-Class:  32.00 KB
       Class:  0 bytes
        Both:  32.00 KB

MaxMetaspaceSize: 17179869184.00 GB
CompressedClassSpaceSize: 1.00 GB

CodeHeap 'non-profiled nmethods': size=120000Kb used=205Kb max_used=205Kb free=119794Kb
 bounds [0x0000020a67960000, 0x0000020a67bd0000, 0x0000020a6ee90000]
CodeHeap 'profiled nmethods': size=120000Kb used=1103Kb max_used=1103Kb free=118896Kb
 bounds [0x0000020a60430000, 0x0000020a606a0000, 0x0000020a67960000]
CodeHeap 'non-nmethods': size=5760Kb used=1366Kb max_used=1387Kb free=4393Kb
 bounds [0x0000020a5fe90000, 0x0000020a60100000, 0x0000020a60430000]
 total_blobs=1326 nmethods=754 adapters=485
 compilation: enabled
              stopped_count=0, restarted_count=0
 full_count=0

Compilation events (20 events):
Event: 0.472 Thread 0x0000020a75e6e670  744       1       java.awt.Component::getGraphicsConfiguration_NoClientCode (5 bytes)
Event: 0.472 Thread 0x0000020a75e6e670 nmethod 744 0x0000020a67992210 code [0x0000020a679923a0, 0x0000020a67992458]
Event: 0.472 Thread 0x0000020a75e6e670  745       1       java.util.concurrent.locks.AbstractQueuedSynchronizer::getState (5 bytes)
Event: 0.472 Thread 0x0000020a75e6e670 nmethod 745 0x0000020a67992510 code [0x0000020a679926a0, 0x0000020a67992758]
Event: 0.472 Thread 0x0000020a75e6e670  746       1       java.util.concurrent.locks.AbstractQueuedSynchronizer::setState (6 bytes)
Event: 0.472 Thread 0x0000020a75e6e670 nmethod 746 0x0000020a67992810 code [0x0000020a679929a0, 0x0000020a67992a58]
Event: 0.472 Thread 0x0000020a75e6e670  747       1       sun.util.locale.StringTokenIterator::isDone (5 bytes)
Event: 0.472 Thread 0x0000020a75e6e670 nmethod 747 0x0000020a67992b10 code [0x0000020a67992ca0, 0x0000020a67992d58]
Event: 0.473 Thread 0x0000020a75e6e670  748       1       java.util.Collections$EmptyList::isEmpty (2 bytes)
Event: 0.473 Thread 0x0000020a75e6e670 nmethod 748 0x0000020a67992e10 code [0x0000020a67992fa0, 0x0000020a67993058]
Event: 0.782 Thread 0x0000020a75e6e670  749       3       sun.awt.AWTAutoShutdown::getInstance (4 bytes)
Event: 0.782 Thread 0x0000020a75e6e670 nmethod 749 0x0000020a6053f910 code [0x0000020a6053faa0, 0x0000020a6053fb98]
Event: 1.770 Thread 0x0000020a75e6e670  750       3       sun.awt.SunToolkit::getAppContext (42 bytes)
Event: 1.771 Thread 0x0000020a75e6e670 nmethod 750 0x0000020a6053fc10 code [0x0000020a6053fea0, 0x0000020a60540b88]
Event: 1.775 Thread 0x0000020a75e6e670  752       3       java.util.ArrayList::get (15 bytes)
Event: 1.776 Thread 0x0000020a75e6e670 nmethod 752 0x0000020a60541010 code [0x0000020a605411e0, 0x0000020a60541528]
Event: 1.776 Thread 0x0000020a75e6e670  753       3       java.security.AccessControlContext::optimize (319 bytes)
Event: 1.777 Thread 0x0000020a75e6e670 nmethod 753 0x0000020a60541710 code [0x0000020a60541a80, 0x0000020a60543098]
Event: 1.777 Thread 0x0000020a75e6e670  754       3       sun.awt.AWTAutoShutdown::isReadyToShutdown (37 bytes)
Event: 1.777 Thread 0x0000020a75e6e670 nmethod 754 0x0000020a60543790 code [0x0000020a60543940, 0x0000020a60543cb8]

GC Heap History (0 events):
No events

Deoptimization events (4 events):
Event: 0.120 Thread 0x0000020a57c50fd0 Uncommon trap: trap_request=0xffffff45 fr.pc=0x0000020a67964508 relative=0x0000000000000268
Event: 0.120 Thread 0x0000020a57c50fd0 Uncommon trap: reason=unstable_if action=reinterpret pc=0x0000020a67964508 method=java.lang.String.hashCode()I @ 42 c2
Event: 0.120 Thread 0x0000020a57c50fd0 DEOPT PACKING pc=0x0000020a67964508 sp=0x00000099410fe140
Event: 0.120 Thread 0x0000020a57c50fd0 DEOPT UNPACKING pc=0x0000020a5fede42f sp=0x00000099410fe0e8 mode 2

Classes unloaded (0 events):
No events

Classes redefined (2 events):
Event: 5.022 Thread 0x0000020a75de4f50 redefined class name=Inventory, count=1
Event: 231.039 Thread 0x0000020a75de4f50 redefined class name=Inventory, count=2

Internal exceptions (12 events):
Event: 0.138 Thread 0x0000020a57c50fd0 Exception <a 'java/lang/NoSuchMethodError'{0x000000008a1f4040}: 'void java.lang.invoke.DirectMethodHandle$Holder.invokeSpecial(java.lang.Object, java.lang.Object, java.lang.Object)'> (0x000000008a1f4040) 
thrown [./open/src/hotspot/share/interpreter/linkResolver.cpp, line 782]
Event: 0.157 Thread 0x0000020a57c50fd0 Exception <a 'java/lang/ClassNotFoundException'{0x000000008a01c538}: sun/awt/resources/spi/awtProvider> (0x000000008a01c538) 
thrown [./open/src/hotspot/share/classfile/systemDictionary.cpp, line 295]
Event: 0.177 Thread 0x0000020a57c50fd0 Exception <a 'java/io/FileNotFoundException'{0x000000008a078400}> (0x000000008a078400) 
thrown [./open/src/hotspot/share/prims/jni.cpp, line 578]
Event: 0.183 Thread 0x0000020a57c50fd0 Exception <a 'java/io/FileNotFoundException'{0x000000008a0a6ef8}> (0x000000008a0a6ef8) 
thrown [./open/src/hotspot/share/prims/jni.cpp, line 578]
Event: 0.184 Thread 0x0000020a57c50fd0 Exception <a 'java/lang/NoSuchMethodError'{0x000000008a0a80f0}: 'java.lang.Object java.lang.invoke.DirectMethodHandle$Holder.invokeStatic(java.lang.Object)'> (0x000000008a0a80f0) 
thrown [./open/src/hotspot/share/interpreter/linkResolver.cpp, line 782]
Event: 0.220 Thread 0x0000020a57c50fd0 Exception <a 'java/lang/NoSuchMethodError'{0x000000008a0f1e20}: 'java.lang.Object java.lang.invoke.DirectMethodHandle$Holder.invokeStaticInit(java.lang.Object)'> (0x000000008a0f1e20) 
thrown [./open/src/hotspot/share/interpreter/linkResolver.cpp, line 782]
Event: 0.255 Thread 0x0000020a57c50fd0 Exception <a 'java/lang/NoSuchMethodError'{0x0000000089fa79e0}: 'java.lang.Object java.lang.invoke.DirectMethodHandle$Holder.newInvokeSpecial(java.lang.Object, java.lang.Object, java.lang.Object, java.lang.Object, java.lang.Object)'> (0x0000000089fa79e0) 
thrown [./open/src/hotspot/share/interpreter/linkResolver.cpp, line 782]
Event: 0.256 Thread 0x0000020a57c50fd0 Exception <a 'java/lang/NoSuchMethodError'{0x0000000089fb3470}: 'java.lang.Object java.lang.invoke.DirectMethodHandle$Holder.invokeStatic(java.lang.Object, int, java.lang.Object, java.lang.Object, java.lang.Object, java.lang.Object)'> (0x0000000089fb3470) 
thrown [./open/src/hotspot/share/interpreter/linkResolver.cpp, line 782]
Event: 0.260 Thread 0x0000020a57c50fd0 Exception <a 'java/lang/NoSuchMethodError'{0x0000000089fd9bd8}: 'java.lang.Object java.lang.invoke.DirectMethodHandle$Holder.invokeStatic(java.lang.Object, int, java.lang.Object)'> (0x0000000089fd9bd8) 
thrown [./open/src/hotspot/share/interpreter/linkResolver.cpp, line 782]
Event: 0.282 Thread 0x0000020a57c50fd0 Exception <a 'java/lang/ClassNotFoundException'{0x0000000089e92670}: com/sun/swing/internal/plaf/metal/resources/spi/metalProvider> (0x0000000089e92670) 
thrown [./open/src/hotspot/share/classfile/systemDictionary.cpp, line 295]
Event: 0.283 Thread 0x0000020a57c50fd0 Exception <a 'java/lang/ClassNotFoundException'{0x0000000089e96ad0}: com/sun/swing/internal/plaf/basic/resources/spi/basicProvider> (0x0000000089e96ad0) 
thrown [./open/src/hotspot/share/classfile/systemDictionary.cpp, line 295]
Event: 0.319 Thread 0x0000020a57c50fd0 Exception <a 'java/lang/NoSuchMethodError'{0x0000000089d0f330}: 'void java.lang.invoke.DirectMethodHandle$Holder.invokeStaticInit(java.lang.Object)'> (0x0000000089d0f330) 
thrown [./open/src/hotspot/share/interpreter/linkResolver.cpp, line 782]

Events (20 events):
Event: 231.043 Executing VM operation: GetFrameLocation
Event: 231.043 Executing VM operation: GetFrameLocation done
Event: 231.043 Executing VM operation: get/set locals
Event: 231.044 Executing VM operation: get/set locals done
Event: 231.047 Executing VM operation: ChangeBreakpoints
Event: 231.047 Executing VM operation: ChangeBreakpoints done
Event: 231.047 Executing VM operation: ChangeBreakpoints
Event: 231.047 Executing VM operation: ChangeBreakpoints done
Event: 231.048 Executing VM operation: ChangeBreakpoints
Event: 231.049 Executing VM operation: ChangeBreakpoints done
Event: 231.050 Executing VM operation: ChangeBreakpoints
Event: 231.050 Executing VM operation: ChangeBreakpoints done
Event: 231.051 Executing VM operation: GetFrameCount
Event: 231.051 Executing VM operation: GetFrameCount done
Event: 231.051 Executing VM operation: GetStackTrace
Event: 231.051 Executing VM operation: GetStackTrace done
Event: 231.051 Executing VM operation: GetFrameLocation
Event: 231.051 Executing VM operation: GetFrameLocation done
Event: 231.051 Executing VM operation: get/set locals
Event: 231.051 Executing VM operation: get/set locals done


Dynamic libraries:
0x00007ff7ef900000 - 0x00007ff7ef90f000 	C:\Program Files\Java\jdk-15.0.1\bin\java.exe
0x00007ffc5eef0000 - 0x00007ffc5f0e5000 	C:\WINDOWS\SYSTEM32\ntdll.dll
0x00007ffc5e350000 - 0x00007ffc5e40d000 	C:\WINDOWS\System32\KERNEL32.DLL
0x00007ffc5cae0000 - 0x00007ffc5cda9000 	C:\WINDOWS\System32\KERNELBASE.dll
0x00007ffc5ce60000 - 0x00007ffc5cf60000 	C:\WINDOWS\System32\ucrtbase.dll
0x00007ffc59fa0000 - 0x00007ffc59fb8000 	C:\Program Files\Java\jdk-15.0.1\bin\jli.dll
0x00007ffc5ee00000 - 0x00007ffc5eeac000 	C:\WINDOWS\System32\ADVAPI32.dll
0x00007ffc5e2b0000 - 0x00007ffc5e34e000 	C:\WINDOWS\System32\msvcrt.dll
0x00007ffc5d770000 - 0x00007ffc5d80b000 	C:\WINDOWS\System32\sechost.dll
0x00007ffc5d810000 - 0x00007ffc5d93a000 	C:\WINDOWS\System32\RPCRT4.dll
0x00007ffc5e8f0000 - 0x00007ffc5ea90000 	C:\WINDOWS\System32\USER32.dll
0x00007ffc5c630000 - 0x00007ffc5c652000 	C:\WINDOWS\System32\win32u.dll
0x00007ffc5d660000 - 0x00007ffc5d68a000 	C:\WINDOWS\System32\GDI32.dll
0x00007ffc5c840000 - 0x00007ffc5c94b000 	C:\WINDOWS\System32\gdi32full.dll
0x00007ffc5c710000 - 0x00007ffc5c7ad000 	C:\WINDOWS\System32\msvcp_win.dll
0x00007ffc593b0000 - 0x00007ffc593c9000 	C:\Program Files\Java\jdk-15.0.1\bin\VCRUNTIME140.dll
0x00007ffc38a40000 - 0x00007ffc38cda000 	C:\WINDOWS\WinSxS\amd64_microsoft.windows.common-controls_6595b64144ccf1df_6.0.19041.1110_none_60b5254171f9507e\COMCTL32.dll
0x00007ffc52360000 - 0x00007ffc5236a000 	C:\WINDOWS\SYSTEM32\VERSION.dll
0x00007ffc5ebc0000 - 0x00007ffc5ebf0000 	C:\WINDOWS\System32\IMM32.DLL
0x00007ffc59f90000 - 0x00007ffc59f9c000 	C:\Program Files\Java\jdk-15.0.1\bin\vcruntime140_1.dll
0x00007ffc4d230000 - 0x00007ffc4d2c1000 	C:\Program Files\Java\jdk-15.0.1\bin\msvcp140.dll
0x00007ffc1efd0000 - 0x00007ffc1fb2e000 	C:\Program Files\Java\jdk-15.0.1\bin\server\jvm.dll
0x00007ffc5e470000 - 0x00007ffc5e478000 	C:\WINDOWS\System32\PSAPI.DLL
0x00007ffc57bd0000 - 0x00007ffc57bd9000 	C:\WINDOWS\SYSTEM32\WSOCK32.dll
0x00007ffc5d940000 - 0x00007ffc5d9ab000 	C:\WINDOWS\System32\WS2_32.dll
0x00007ffc42260000 - 0x00007ffc42287000 	C:\WINDOWS\SYSTEM32\WINMM.dll
0x00007ffc5a580000 - 0x00007ffc5a592000 	C:\WINDOWS\SYSTEM32\kernel.appcore.dll
0x00007ffc59f50000 - 0x00007ffc59f5a000 	C:\Program Files\Java\jdk-15.0.1\bin\jimage.dll
0x00007ffc413e0000 - 0x00007ffc415c4000 	C:\WINDOWS\SYSTEM32\DBGHELP.DLL
0x00007ffc413b0000 - 0x00007ffc413dc000 	C:\WINDOWS\SYSTEM32\dbgcore.DLL
0x00007ffc5c7b0000 - 0x00007ffc5c833000 	C:\WINDOWS\System32\bcryptPrimitives.dll
0x00007ffc4d1f0000 - 0x00007ffc4d229000 	C:\Program Files\Java\jdk-15.0.1\bin\jdwp.dll
0x00007ffc4ee50000 - 0x00007ffc4ee75000 	C:\Program Files\Java\jdk-15.0.1\bin\java.dll
0x00007ffc5d9b0000 - 0x00007ffc5e0ef000 	C:\WINDOWS\System32\SHELL32.dll
0x00007ffc5a780000 - 0x00007ffc5af11000 	C:\WINDOWS\SYSTEM32\windows.storage.dll
0x00007ffc5d020000 - 0x00007ffc5d375000 	C:\WINDOWS\System32\combase.dll
0x00007ffc5bfd0000 - 0x00007ffc5bffc000 	C:\WINDOWS\SYSTEM32\Wldp.dll
0x00007ffc5d5a0000 - 0x00007ffc5d64e000 	C:\WINDOWS\System32\SHCORE.dll
0x00007ffc5e410000 - 0x00007ffc5e465000 	C:\WINDOWS\System32\shlwapi.dll
0x00007ffc5c570000 - 0x00007ffc5c58f000 	C:\WINDOWS\SYSTEM32\profapi.dll
0x00007ffc59bb0000 - 0x00007ffc59bbb000 	C:\Program Files\Java\jdk-15.0.1\bin\dt_socket.dll
0x00007ffc5ba20000 - 0x00007ffc5ba5b000 	C:\WINDOWS\SYSTEM32\IPHLPAPI.DLL
0x00007ffc5bd30000 - 0x00007ffc5bd9a000 	C:\WINDOWS\system32\mswsock.dll
0x00007ffc59060000 - 0x00007ffc59079000 	C:\Program Files\Java\jdk-15.0.1\bin\net.dll
0x00007ffc4b370000 - 0x00007ffc4b47a000 	C:\WINDOWS\SYSTEM32\WINHTTP.dll
0x00007ffc56f50000 - 0x00007ffc56f62000 	C:\Program Files\Java\jdk-15.0.1\bin\nio.dll
0x00007ffc36970000 - 0x00007ffc36af0000 	C:\Program Files\Java\jdk-15.0.1\bin\awt.dll
0x00007ffc5ed30000 - 0x00007ffc5edfd000 	C:\WINDOWS\System32\OLEAUT32.dll
0x00007ffc59ca0000 - 0x00007ffc59d30000 	C:\WINDOWS\SYSTEM32\apphelp.dll
0x00007ffc5a290000 - 0x00007ffc5a2bf000 	C:\WINDOWS\system32\DWMAPI.DLL
0x00007ffc5a0c0000 - 0x00007ffc5a15e000 	C:\WINDOWS\system32\uxtheme.dll
0x00007ffc37260000 - 0x00007ffc37385000 	C:\WINDOWS\system32\opengl32.dll
0x00007ffc3f830000 - 0x00007ffc3f85c000 	C:\WINDOWS\SYSTEM32\GLU32.dll
0x00007ffc5d420000 - 0x00007ffc5d535000 	C:\WINDOWS\System32\MSCTF.dll
0x00007ffc5ea90000 - 0x00007ffc5ebba000 	C:\WINDOWS\System32\ole32.dll
0x00007ffc4d160000 - 0x00007ffc4d1e5000 	C:\Program Files\Java\jdk-15.0.1\bin\freetype.dll
0x00007ffc3f250000 - 0x00007ffc3f2f9000 	C:\Program Files\Java\jdk-15.0.1\bin\fontmanager.dll
0x00007ffc57ca0000 - 0x00007ffc57d99000 	C:\WINDOWS\SYSTEM32\textinputframework.dll
0x00007ffc59a50000 - 0x00007ffc59b42000 	C:\WINDOWS\System32\CoreMessaging.dll
0x00007ffc596f0000 - 0x00007ffc59a4e000 	C:\WINDOWS\System32\CoreUIComponents.dll
0x00007ffc5b030000 - 0x00007ffc5b063000 	C:\WINDOWS\SYSTEM32\ntmarta.dll
0x00007ffc58020000 - 0x00007ffc58174000 	C:\WINDOWS\SYSTEM32\wintypes.dll
0x00007ffc5ebf0000 - 0x00007ffc5ec99000 	C:\WINDOWS\System32\clbcatq.dll
0x00007ffc55840000 - 0x00007ffc559f4000 	C:\WINDOWS\SYSTEM32\WindowsCodecs.dll
0x00007ffc5cab0000 - 0x00007ffc5cad7000 	C:\WINDOWS\System32\bcrypt.dll
0x00007ffc3efd0000 - 0x00007ffc3f00e000 	C:\WINDOWS\system32\dataexchange.dll
0x00007ffc59400000 - 0x00007ffc595e6000 	C:\WINDOWS\system32\dcomp.dll
0x00007ffc58ba0000 - 0x00007ffc58e04000 	C:\WINDOWS\system32\d3d11.dll
0x00007ffc5b070000 - 0x00007ffc5b164000 	C:\WINDOWS\system32\dxgi.dll
0x00007ffc57710000 - 0x00007ffc57911000 	C:\WINDOWS\system32\twinapi.appcore.dll

dbghelp: loaded successfully - version: 4.0.5 - missing functions: none
symbol engine: initialized successfully - sym options: 0x614 - pdb path: .;C:\Program Files\Java\jdk-15.0.1\bin;C:\WINDOWS\SYSTEM32;C:\WINDOWS\WinSxS\amd64_microsoft.windows.common-controls_6595b64144ccf1df_6.0.19041.1110_none_60b5254171f9507e;C:\Program Files\Java\jdk-15.0.1\bin\server

VM Arguments:
jvm_args: -agentlib:jdwp=transport=dt_socket,address=127.0.0.1:59368,suspend=y,server=n -Dfile.encoding=UTF-8 
java_command: MainMenu
java_class_path (initial): E:\USB 1\Addy's USB\Sixth form\Java\IA\Code\IA Order Placement and tracking\out\production\IA Order Placement and tracking;C:\Program Files (x86)\JetBrains\IntelliJ IDEA Community Edition 2018.2.3\lib\idea_rt.jar
Launcher Type: SUN_STANDARD

[Global flags]
     intx CICompilerCount                          = 3                                         {product} {ergonomic}
     uint ConcGCThreads                            = 1                                         {product} {ergonomic}
     uint G1ConcRefinementThreads                  = 4                                         {product} {ergonomic}
   size_t G1HeapRegionSize                         = 1048576                                   {product} {ergonomic}
    uintx GCDrainStackTargetSize                   = 64                                        {product} {ergonomic}
   size_t InitialHeapSize                          = 132120576                                 {product} {ergonomic}
   size_t MarkStackSize                            = 4194304                                   {product} {ergonomic}
   size_t MaxHeapSize                              = 2109734912                                {product} {ergonomic}
   size_t MaxNewSize                               = 1265631232                                {product} {ergonomic}
   size_t MinHeapDeltaBytes                        = 1048576                                   {product} {ergonomic}
   size_t MinHeapSize                              = 8388608                                   {product} {ergonomic}
    uintx NonNMethodCodeHeapSize                   = 5832780                                {pd product} {ergonomic}
    uintx NonProfiledCodeHeapSize                  = 122912730                              {pd product} {ergonomic}
    uintx ProfiledCodeHeapSize                     = 122912730                              {pd product} {ergonomic}
    uintx ReservedCodeCacheSize                    = 251658240                              {pd product} {ergonomic}
     bool SegmentedCodeCache                       = true                                      {product} {ergonomic}
   size_t SoftMaxHeapSize                          = 2109734912                             {manageable} {ergonomic}
     bool UseCompressedClassPointers               = true                                 {lp64_product} {ergonomic}
     bool UseCompressedOops                        = true                                 {lp64_product} {ergonomic}
     bool UseG1GC                                  = true                                      {product} {ergonomic}
     bool UseLargePagesIndividualAllocation        = false                                  {pd product} {ergonomic}

Logging:
Log output configuration:
 #0: stdout all=warning uptime,level,tags
 #1: stderr all=off uptime,level,tags

Environment Variables:
PATH=C:\Program Files\Common Files\Oracle\Java\javapath;C:\Program Files (x86)\Common Files\Oracle\Java\javapath;C:\Program Files\Python39\Scripts\;C:\Program Files\Python39\;C:\WINDOWS\system32;C:\WINDOWS;C:\WINDOWS\System32\Wbem;C:\WINDOWS\System32\WindowsPowerShell\v1.0\;C:\WINDOWS\System32\OpenSSH\;C:\Program Files (x86)\Xuggle\bin;C:\Program Files\dotnet\;C:\Program Files (x86)\GtkSharp\2.12\bin;C:\Program Files\Microsoft SQL Server\130\Tools\Binn\;C:\Program Files\Microsoft SQL Server\Client SDK\ODBC\170\Tools\Binn\;C:\Users\15mitter_a\AppData\Local\Microsoft\WindowsApps;C:\Users\15mitter_a\AppData\Local\Programs\Git\cmd
USERNAME=15mitter_a
OS=Windows_NT
PROCESSOR_IDENTIFIER=Intel64 Family 6 Model 158 Stepping 11, GenuineIntel



---------------  S Y S T E M  ---------------

OS:
 Windows 10 , 64 bit Build 19041 (10.0.19041.1023)
OS uptime: 0 days 5:22 hours

CPU: total 4 (initial active 4) (4 cores per cpu, 1 threads per core) family 6 model 158 stepping 11 microcode 0xde, cmov, cx8, fxsr, mmx, sse, sse2, sse3, ssse3, sse4.1, sse4.2, popcnt, vzeroupper, avx, avx2, aes, clmul, erms, 3dnowpref, lzcnt, tsc, tscinvbit, bmi1, bmi2, adx, fma, clflush, clflushopt

Memory: 4k page, system-wide physical 8045M (4103M free)
TotalPageFile size 9325M (AvailPageFile size 3636M)
current process WorkingSet (physical memory assigned to process): 58M, peak: 60M
current process commit charge ("private bytes"): 213M, peak: 215M

vm_info: Java HotSpot(TM) 64-Bit Server VM (15.0.1+9-18) for windows-amd64 JRE (15.0.1+9-18), built on Sep 15 2020 14:43:54 by "mach5one" with unknown MS VC++:1925

END.
